<?xml version="1.0" encoding="UTF-8"?>
<!-- Generated by org.testng.reporters.JUnitXMLReporter -->
<testsuite ignored="0" hostname="LAPTOP-NJPOA76P" failures="0" tests="1" name="Test" time="13.079" errors="0" timestamp="2024-03-03T10:56:56 IST">
  <testcase classname="org.Page.Base.BaseTest" name="@AfterMethod aftermethod" time="0.006">
    <failure type="java.lang.NullPointerException" message="Cannot invoke &amp;quot;com.aventstack.extentreports.ExtentTest.log(com.aventstack.extentreports.Status, com.aventstack.extentreports.markuputils.Markup)&amp;quot; because &amp;quot;this.reporter&amp;quot; is null">
      <![CDATA[java.lang.NullPointerException: Cannot invoke "com.aventstack.extentreports.ExtentTest.log(com.aventstack.extentreports.Status, com.aventstack.extentreports.markuputils.Markup)" because "this.reporter" is null
at org.Page.Base.BaseTest.aftermethod(BaseTest.java:73)
at java.base/java.util.ArrayList.forEach(ArrayList.java:1511)
... Removed 30 stack frames]]>
    </failure>
  </testcase> <!-- @AfterMethod aftermethod -->
  <testcase classname="org.Page.Base.BaseTest" name="@BeforeMethod beforemethod" time="0.0">
    <skipped/>
  </testcase> <!-- @BeforeMethod beforemethod -->
  <testcase classname="org.Page.Base.BaseTest" name="@AfterTest aftertest" time="0.001">
    <failure type="java.lang.NullPointerException" message="Cannot invoke &amp;quot;org.openqa.selenium.WebDriver.close()&amp;quot; because &amp;quot;org.Page.Base.BaseTest.driver&amp;quot; is null">
      <![CDATA[java.lang.NullPointerException: Cannot invoke "org.openqa.selenium.WebDriver.close()" because "org.Page.Base.BaseTest.driver" is null
at org.Page.Base.BaseTest.aftertest(BaseTest.java:82)
... Removed 22 stack frames]]>
    </failure>
  </testcase> <!-- @AfterTest aftertest -->
  <testcase classname="org.testing.webapp.WebApplicationTest" name="sampleTesting" time="0.009">
    <skipped/>
  </testcase> <!-- sampleTesting -->
</testsuite> <!-- Test -->
